<?xml version="1.0" encoding="UTF-8"?>
<testsuite name="com.najdev.snapvault.parser.HistoryParserTest" tests="4" skipped="0" failures="0" errors="0" timestamp="2026-06-02T21:43:55" hostname="device-91.home" time="0.038">
  <properties/>
  <testcase name="testCorruptHtml[desktop]" classname="com.najdev.snapvault.parser.HistoryParserTest" time="0.034"/>
  <testcase name="testHtmlWithNoTableOnlyScripts[desktop]" classname="com.najdev.snapvault.parser.HistoryParserTest" time="0.001"/>
  <testcase name="testEmptyHtml[desktop]" classname="com.najdev.snapvault.parser.HistoryParserTest" time="0.0"/>
  <testcase name="testHistoryParser[desktop]" classname="com.najdev.snapvault.parser.HistoryParserTest" time="0.003"/>
  <system-out><![CDATA[]]></system-out>
  <system-err><![CDATA[]]></system-err>
</testsuite>
