<?xml version="1.0" encoding="UTF-8"?>
<testsuite name="com.najdev.snapvault.downloader.DownloadEngineTest" tests="2" skipped="0" failures="0" errors="0" timestamp="2026-06-02T21:43:55" hostname="device-91.home" time="0.054">
  <properties/>
  <testcase name="testDateParsing[desktop]" classname="com.najdev.snapvault.downloader.DownloadEngineTest" time="0.051"/>
  <testcase name="testFilenameBuilder[desktop]" classname="com.najdev.snapvault.downloader.DownloadEngineTest" time="0.003"/>
  <system-out><![CDATA[]]></system-out>
  <system-err><![CDATA[SLF4J(W): No SLF4J providers were found.
SLF4J(W): Defaulting to no-operation (NOP) logger implementation
SLF4J(W): See https://www.slf4j.org/codes.html#noProviders for further details.
]]></system-err>
</testsuite>
